<?xml version="1.0" encoding="UTF-8"?>
<testsuite xmlns:xsi="http://www.w3.org/2001/XMLSchema-instance" xsi:noNamespaceSchemaLocation="https://maven.apache.org/surefire/maven-surefire-plugin/xsd/surefire-test-report.xsd" name="TestSuite" time="26.121" tests="5" errors="0" skipped="0" failures="0">
  <properties>
[...]
</properties>
  <testcase name="createUsertest" classname="org.Nav.Explore.goRes.CreateUser" time="7.818"/>
  <testcase name="getAllContactsTest" classname="org.Nav.Explore.ContactsTest.GetAllContacts" time="2.849"/>
  <testcase name="getALLProducts" classname="org.Nav.Explore.FakeAPI.deserilization.GetAllProducts" time="1.572"/>
  <testcase name="getProducts" classname="org.Nav.Explore.FakeAPI.deserilization.GetAllProducts" time="0.981"/>
  <testcase name="basicAuthTest" classname="org.Nav.Explore.BasicAuth.BasicAuthTest" time="1.68"/>
</testsuite>