<?xml version="1.0" encoding="UTF-8"?>
<testng-results ignored="0" total="5" passed="5" failed="0" skipped="0">
  <reporter-output>
  </reporter-output>
  <suite started-at="2025-06-07T00:09:01 IST" name="API Regression Test Suite" finished-at="2025-06-07T00:09:16 IST" duration-ms="14197">
    <groups>
    </groups>
    <test started-at="2025-06-07T00:09:01 IST" name="Go Rest API Test - Get User" finished-at="2025-06-07T00:09:04 IST" duration-ms="2935">
      <class name="org.Nav.Explore.goRes.CreateUser">
        <test-method is-config="true" signature="setUp()[pri:0, instance:org.Nav.Explore.goRes.CreateUser@640f11a1]" started-at="2025-06-07T00:09:01 IST" name="setUp" finished-at="2025-06-07T00:09:01 IST" duration-ms="2" status="PASS">
          <reporter-output>
          </reporter-output>
        </test-method> <!-- setUp -->
        <test-method signature="createUsertest()[pri:0, instance:org.Nav.Explore.goRes.CreateUser@640f11a1]" started-at="2025-06-07T00:09:01 IST" name="createUsertest" finished-at="2025-06-07T00:09:04 IST" duration-ms="2855" status="PASS">
          <reporter-output>
          </reporter-output>
        </test-method> <!-- createUsertest -->
      </class> <!-- org.Nav.Explore.goRes.CreateUser -->
    </test> <!-- Go Rest API Test - Get User -->
    <test started-at="2025-06-07T00:09:04 IST" name="Product API Test - Get Product" finished-at="2025-06-07T00:09:11 IST" duration-ms="6795">
      <class name="org.Nav.Explore.ContactsTest.GetAllContacts">
        <test-method is-config="true" signature="setUp()[pri:0, instance:org.Nav.Explore.ContactsTest.GetAllContacts@3e14c16d]" started-at="2025-06-07T00:09:04 IST" name="setUp" finished-at="2025-06-07T00:09:04 IST" duration-ms="1" status="PASS">
          <reporter-output>
          </reporter-output>
        </test-method> <!-- setUp -->
        <test-method is-config="true" signature="generateToken()[pri:0, instance:org.Nav.Explore.ContactsTest.GetAllContacts@3e14c16d]" started-at="2025-06-07T00:09:04 IST" name="generateToken" finished-at="2025-06-07T00:09:06 IST" duration-ms="2081" status="PASS">
          <reporter-output>
          </reporter-output>
        </test-method> <!-- generateToken -->
        <test-method signature="getAllContactsTest()[pri:0, instance:org.Nav.Explore.ContactsTest.GetAllContacts@3e14c16d]" started-at="2025-06-07T00:09:06 IST" name="getAllContactsTest" finished-at="2025-06-07T00:09:11 IST" duration-ms="4701" status="PASS">
          <reporter-output>
          </reporter-output>
        </test-method> <!-- getAllContactsTest -->
      </class> <!-- org.Nav.Explore.ContactsTest.GetAllContacts -->
    </test> <!-- Product API Test - Get Product -->
    <test started-at="2025-06-07T00:09:11 IST" name="deseriliaze Test" finished-at="2025-06-07T00:09:14 IST" duration-ms="2770">
      <class name="org.Nav.Explore.FakeAPI.deserilization.GetAllProducts">
        <test-method signature="getALLProducts()[pri:0, instance:org.Nav.Explore.FakeAPI.deserilization.GetAllProducts@793138bd]" started-at="2025-06-07T00:09:11 IST" name="getALLProducts" finished-at="2025-06-07T00:09:13 IST" duration-ms="1444" status="PASS">
          <reporter-output>
          </reporter-output>
        </test-method> <!-- getALLProducts -->
        <test-method is-config="true" signature="setUp()[pri:0, instance:org.Nav.Explore.FakeAPI.deserilization.GetAllProducts@793138bd]" started-at="2025-06-07T00:09:11 IST" name="setUp" finished-at="2025-06-07T00:09:11 IST" duration-ms="0" status="PASS">
          <reporter-output>
          </reporter-output>
        </test-method> <!-- setUp -->
        <test-method signature="getProducts()[pri:0, instance:org.Nav.Explore.FakeAPI.deserilization.GetAllProducts@793138bd]" started-at="2025-06-07T00:09:13 IST" name="getProducts" finished-at="2025-06-07T00:09:14 IST" duration-ms="1318" status="PASS">
          <reporter-output>
          </reporter-output>
        </test-method> <!-- getProducts -->
      </class> <!-- org.Nav.Explore.FakeAPI.deserilization.GetAllProducts -->
    </test> <!-- deseriliaze Test -->
    <test started-at="2025-06-07T00:09:14 IST" name="Basic Auth API Test" finished-at="2025-06-07T00:09:16 IST" duration-ms="1635">
      <class name="org.Nav.Explore.BasicAuth.BasicAuthTest">
        <test-method is-config="true" signature="setupAllureResport()[pri:0, instance:org.Nav.Explore.BasicAuth.BasicAuthTest@2f6e28bc]" started-at="2025-06-07T00:09:01 IST" name="setupAllureResport" finished-at="2025-06-07T00:09:01 IST" duration-ms="334" status="PASS">
          <reporter-output>
          </reporter-output>
        </test-method> <!-- setupAllureResport -->
        <test-method is-config="true" signature="setUp()[pri:0, instance:org.Nav.Explore.BasicAuth.BasicAuthTest@2f6e28bc]" started-at="2025-06-07T00:09:14 IST" name="setUp" finished-at="2025-06-07T00:09:14 IST" duration-ms="0" status="PASS">
          <reporter-output>
          </reporter-output>
        </test-method> <!-- setUp -->
        <test-method signature="basicAuthTest()[pri:0, instance:org.Nav.Explore.BasicAuth.BasicAuthTest@2f6e28bc]" started-at="2025-06-07T00:09:14 IST" name="basicAuthTest" finished-at="2025-06-07T00:09:16 IST" duration-ms="1630" status="PASS">
          <reporter-output>
          </reporter-output>
        </test-method> <!-- basicAuthTest -->
      </class> <!-- org.Nav.Explore.BasicAuth.BasicAuthTest -->
    </test> <!-- Basic Auth API Test -->
  </suite> <!-- API Regression Test Suite -->
</testng-results>
