<?xml version="1.0" encoding="UTF-8"?>
<!-- Generated by org.testng.reporters.JUnitXMLReporter -->
<testsuite ignored="0" hostname="MF-TNRQD6Z5LFMQ" failures="0" tests="2" name="deseriliaze Test" time="2.016" errors="0" timestamp="2025-06-06T22:47:58 IST">
  <testcase classname="org.Nav.Explore.FakeAPI.deserilization.GetAllProducts" name="getALLProducts" time="0.893"/>
  <testcase classname="org.Nav.Explore.FakeAPI.deserilization.GetAllProducts" name="getProducts" time="1.114"/>
</testsuite> <!-- deseriliaze Test -->
