<?xml version="1.0" encoding="UTF-8"?>
<!-- Generated by org.testng.reporters.JUnitXMLReporter -->
<testsuite ignored="1" hostname="MF-TNRQD6Z5LFMQ" failures="0" tests="3" name="deseriliaze Test" time="5.55" errors="0" timestamp="2025-06-06T21:36:29 IST">
  <testcase classname="org.Nav.Explore.FakeAPI.deserilization.GetAllProducts" name="getALLProducts" time="1.429"/>
  <testcase classname="org.Nav.Explore.FakeAPI.deserilization.GetAllProducts" name="getProducts" time="1.421"/>
  <testcase classname="org.Nav.Explore.FakeAPI.deserilization.GetAllProductsJwayJsonPath" name="getProductsJsonPath" time="2.686"/>
  <testcase classname="org.Nav.Explore.base.BaseTest" name="@BeforeSuite setupAllureResport" time="0.0">
    <ignored/>
  </testcase> <!-- @BeforeSuite setupAllureResport -->
</testsuite> <!-- deseriliaze Test -->
