<?xml version="1.0" encoding="UTF-8"?>
<!-- Generated by org.testng.reporters.JUnitXMLReporter -->
<testsuite ignored="0" hostname="5c1d2a04c163" failures="0" tests="2" name="deseriliaze Test" time="2.56" errors="0" timestamp="2025-06-08T07:24:57 UTC">
  <testcase classname="org.Nav.Explore.FakeAPI.deserilization.GetAllProducts" name="getALLProducts" time="1.568"/>
  <testcase classname="org.Nav.Explore.FakeAPI.deserilization.GetAllProducts" name="getProducts" time="0.971"/>
</testsuite> <!-- deseriliaze Test -->
